# JRE version: OpenJDK Runtime Environment (11.0.18+10) (build 11.0.18+10-post-Debian-1deb11u1)
# Java VM: OpenJDK 64-Bit Server VM (11.0.18+10-post-Debian-1deb11u1, mixed mode, sharing, tiered, compressed oops, g1 gc, linux-amd64)
Heap:
 garbage-first heap   total 161792K, used 112309K [0x0000000080000000, 0x0000000100000000)
  region size 1024K, 42 young (43008K), 5 survivors (5120K)
 Metaspace       used 74747K, capacity 77173K, committed 77644K, reserved 583680K
  class space    used 10010K, capacity 11006K, committed 11084K, reserved 516096K
GC Heap History (20 events):
Event: 63.945 GC heap before
{Heap before GC invocations=11 (full 0):
 garbage-first heap   total 134144K, used 87500K [0x0000000080000000, 0x0000000100000000)
  region size 1024K, 57 young (58368K), 2 survivors (2048K)
 Metaspace       used 39091K, capacity 40247K, committed 40396K, reserved 550912K
  class space    used 5341K, capacity 5810K, committed 5836K, reserved 516096K
}
Event: 64.009 GC heap after
{Heap after GC invocations=12 (full 0):
 garbage-first heap   total 134144K, used 32954K [0x0000000080000000, 0x0000000100000000)
  region size 1024K, 4 young (4096K), 4 survivors (4096K)
 Metaspace       used 39091K, capacity 40247K, committed 40396K, reserved 550912K
  class space    used 5341K, capacity 5810K, committed 5836K, reserved 516096K
}
Event: 71.432 GC heap before
{Heap before GC invocations=12 (full 0):
 garbage-first heap   total 134144K, used 94394K [0x0000000080000000, 0x0000000100000000)
  region size 1024K, 60 young (61440K), 4 survivors (4096K)
 Metaspace       used 43976K, capacity 45431K, committed 45516K, reserved 555008K
  class space    used 5966K, capacity 6558K, committed 6604K, reserved 516096K
}
Event: 71.494 GC heap after
{Heap after GC invocations=13 (full 0):
 garbage-first heap   total 134144K, used 41510K [0x0000000080000000, 0x0000000100000000)
  region size 1024K, 8 young (8192K), 8 survivors (8192K)
 Metaspace       used 43976K, capacity 45431K, committed 45516K, reserved 555008K
  class space    used 5966K, capacity 6558K, committed 6604K, reserved 516096K
}
Event: 86.320 GC heap before
{Heap before GC invocations=13 (full 0):
 garbage-first heap   total 134144K, used 96806K [0x0000000080000000, 0x0000000100000000)
  region size 1024K, 62 young (63488K), 8 survivors (8192K)
 Metaspace       used 48770K, capacity 50396K, committed 50764K, reserved 561152K
  class space    used 6685K, capacity 7365K, committed 7500K, reserved 516096K
}
Event: 86.484 GC heap after
{Heap after GC invocations=14 (full 0):
 garbage-first heap   total 134144K, used 43648K [0x0000000080000000, 0x0000000100000000)
  region size 1024K, 3 young (3072K), 3 survivors (3072K)
 Metaspace       used 48770K, capacity 50396K, committed 50764K, reserved 561152K
  class space    used 6685K, capacity 7365K, committed 7500K, reserved 516096K
}
Event: 90.804 GC heap before
{Heap before GC invocations=14 (full 0):
 garbage-first heap   total 134144K, used 98944K [0x0000000080000000, 0x0000000100000000)
  region size 1024K, 57 young (58368K), 3 survivors (3072K)
 Metaspace       used 52584K, capacity 54174K, committed 54476K, reserved 563200K
  class space    used 7195K, capacity 7856K, committed 7884K, reserved 516096K
}
Event: 90.875 GC heap after
{Heap after GC invocations=15 (full 0):
 garbage-first heap   total 161792K, used 44190K [0x0000000080000000, 0x0000000100000000)
  region size 1024K, 3 young (3072K), 3 survivors (3072K)
 Metaspace       used 52584K, capacity 54174K, committed 54476K, reserved 563200K
  class space    used 7195K, capacity 7856K, committed 7884K, reserved 516096K
}
Event: 107.544 GC heap before
{Heap before GC invocations=15 (full 0):
 garbage-first heap   total 161792K, used 110750K [0x0000000080000000, 0x0000000100000000)
  region size 1024K, 69 young (70656K), 3 survivors (3072K)
 Metaspace       used 56632K, capacity 58471K, committed 58700K, reserved 567296K
  class space    used 7726K, capacity 8484K, committed 8524K, reserved 516096K
}
Event: 107.635 GC heap after
{Heap after GC invocations=16 (full 0):
 garbage-first heap   total 161792K, used 48405K [0x0000000080000000, 0x0000000100000000)
  region size 1024K, 7 young (7168K), 7 survivors (7168K)
 Metaspace       used 56632K, capacity 58471K, committed 58700K, reserved 567296K
  class space    used 7726K, capacity 8484K, committed 8524K, reserved 516096K
}
Event: 110.050 GC heap before
{Heap before GC invocations=16 (full 0):
 garbage-first heap   total 161792K, used 67861K [0x0000000080000000, 0x0000000100000000)
  region size 1024K, 27 young (27648K), 7 survivors (7168K)
 Metaspace       used 58216K, capacity 60123K, committed 60236K, reserved 569344K
  class space    used 7951K, capacity 8751K, committed 8780K, reserved 516096K
}
Event: 110.092 GC heap after
{Heap after GC invocations=17 (full 0):
 garbage-first heap   total 161792K, used 49977K [0x0000000080000000, 0x0000000100000000)
  region size 1024K, 6 young (6144K), 6 survivors (6144K)
 Metaspace       used 58216K, capacity 60123K, committed 60236K, reserved 569344K
  class space    used 7951K, capacity 8751K, committed 8780K, reserved 516096K
}
Event: 114.841 GC heap before
{Heap before GC invocations=18 (full 0):
 garbage-first heap   total 161792K, used 116537K [0x0000000080000000, 0x0000000100000000)
  region size 1024K, 67 young (68608K), 6 survivors (6144K)
 Metaspace       used 61417K, capacity 63464K, committed 63820K, reserved 571392K
  class space    used 8355K, capacity 9189K, committed 9292K, reserved 516096K
}
Event: 114.902 GC heap after
{Heap after GC invocations=19 (full 0):
 garbage-first heap   total 161792K, used 62259K [0x0000000080000000, 0x0000000100000000)
  region size 1024K, 9 young (9216K), 9 survivors (9216K)
 Metaspace       used 61417K, capacity 63464K, committed 63820K, reserved 571392K
  class space    used 8355K, capacity 9189K, committed 9292K, reserved 516096K
}
Event: 119.025 GC heap before
{Heap before GC invocations=19 (full 0):
 garbage-first heap   total 161792K, used 118579K [0x0000000080000000, 0x0000000100000000)
  region size 1024K, 64 young (65536K), 9 survivors (9216K)
 Metaspace       used 67797K, capacity 69992K, committed 70348K, reserved 577536K
  class space    used 9115K, capacity 10053K, committed 10188K, reserved 516096K
}
Event: 119.077 GC heap after
{Heap after GC invocations=20 (full 0):
 garbage-first heap   total 161792K, used 66252K [0x0000000080000000, 0x0000000100000000)
  region size 1024K, 3 young (3072K), 3 survivors (3072K)
 Metaspace       used 67797K, capacity 69992K, committed 70348K, reserved 577536K
  class space    used 9115K, capacity 10053K, committed 10188K, reserved 516096K
}
Event: 122.316 GC heap before
{Heap before GC invocations=20 (full 0):
 garbage-first heap   total 161792K, used 129740K [0x0000000080000000, 0x0000000100000000)
  region size 1024K, 58 young (59392K), 3 survivors (3072K)
 Metaspace       used 72845K, capacity 75084K, committed 75468K, reserved 581632K
  class space    used 9736K, capacity 10637K, committed 10700K, reserved 516096K
}
Event: 122.334 GC heap after
{Heap after GC invocations=21 (full 0):
 garbage-first heap   total 161792K, used 71214K [0x0000000080000000, 0x0000000100000000)
  region size 1024K, 8 young (8192K), 8 survivors (8192K)
 Metaspace       used 72845K, capacity 75084K, committed 75468K, reserved 581632K
  class space    used 9736K, capacity 10637K, committed 10700K, reserved 516096K
}
Event: 123.312 GC heap before
{Heap before GC invocations=21 (full 0):
 garbage-first heap   total 161792K, used 125486K [0x0000000080000000, 0x0000000100000000)
  region size 1024K, 61 young (62464K), 8 survivors (8192K)
 Metaspace       used 74397K, capacity 76728K, committed 77260K, reserved 583680K
  class space    used 9961K, capacity 10905K, committed 10956K, reserved 516096K
}
Event: 123.361 GC heap after
{Heap after GC invocations=22 (full 0):
 garbage-first heap   total 161792K, used 75445K [0x0000000080000000, 0x0000000100000000)
  region size 1024K, 5 young (5120K), 5 survivors (5120K)
 Metaspace       used 74397K, capacity 76728K, committed 77260K, reserved 583680K
  class space    used 9961K, capacity 10905K, committed 10956K, reserved 516096K
}

