# JRE version: OpenJDK Runtime Environment (11.0.18+10) (build 11.0.18+10-post-Debian-1deb11u1)
# Java VM: OpenJDK 64-Bit Server VM (11.0.18+10-post-Debian-1deb11u1, mixed mode, sharing, tiered, compressed oops, g1 gc, linux-amd64)
Heap:
 garbage-first heap   total 65536K, used 13637K [0x00000000fc000000, 0x0000000100000000)
  region size 1024K, 5 young (5120K), 1 survivors (1024K)
 Metaspace       used 9203K, capacity 9901K, committed 10112K, reserved 1058816K
  class space    used 1199K, capacity 1329K, committed 1408K, reserved 1048576K
GC Heap History (6 events):
Event: 0.893 GC heap before
{Heap before GC invocations=0 (full 0):
 garbage-first heap   total 65536K, used 17100K [0x00000000fc000000, 0x0000000100000000)
  region size 1024K, 14 young (14336K), 0 survivors (0K)
 Metaspace       used 1988K, capacity 5145K, committed 5504K, reserved 1056768K
  class space    used 197K, capacity 522K, committed 640K, reserved 1048576K
}
Event: 0.903 GC heap after
{Heap after GC invocations=1 (full 0):
 garbage-first heap   total 65536K, used 4086K [0x00000000fc000000, 0x0000000100000000)
  region size 1024K, 2 young (2048K), 2 survivors (2048K)
 Metaspace       used 1988K, capacity 5145K, committed 5504K, reserved 1056768K
  class space    used 197K, capacity 522K, committed 640K, reserved 1048576K
}
Event: 1.281 GC heap before
{Heap before GC invocations=1 (full 0):
 garbage-first heap   total 65536K, used 16374K [0x00000000fc000000, 0x0000000100000000)
  region size 1024K, 12 young (12288K), 2 survivors (2048K)
 Metaspace       used 3961K, capacity 6478K, committed 6784K, reserved 1056768K
  class space    used 512K, capacity 780K, committed 896K, reserved 1048576K
}
Event: 1.302 GC heap after
{Heap after GC invocations=2 (full 0):
 garbage-first heap   total 65536K, used 9498K [0x00000000fc000000, 0x0000000100000000)
  region size 1024K, 2 young (2048K), 2 survivors (2048K)
 Metaspace       used 3961K, capacity 6478K, committed 6784K, reserved 1056768K
  class space    used 512K, capacity 780K, committed 896K, reserved 1048576K
}
Event: 3.488 GC heap before
{Heap before GC invocations=2 (full 0):
 garbage-first heap   total 65536K, used 31002K [0x00000000fc000000, 0x0000000100000000)
  region size 1024K, 23 young (23552K), 2 survivors (2048K)
 Metaspace       used 8409K, capacity 9607K, committed 9856K, reserved 1058816K
  class space    used 1132K, capacity 1296K, committed 1408K, reserved 1048576K
}
Event: 3.501 GC heap after
{Heap after GC invocations=3 (full 0):
 garbage-first heap   total 65536K, used 10565K [0x00000000fc000000, 0x0000000100000000)
  region size 1024K, 1 young (1024K), 1 survivors (1024K)
 Metaspace       used 8409K, capacity 9607K, committed 9856K, reserved 1058816K
  class space    used 1132K, capacity 1296K, committed 1408K, reserved 1048576K
}

